<?xml version="1.0" encoding="UTF-8"?>
<testsuite xmlns:xsi="http://www.w3.org/2001/XMLSchema-instance" xsi:noNamespaceSchemaLocation="https://maven.apache.org/surefire/maven-surefire-plugin/xsd/surefire-test-report.xsd" name="com.aws.ccproject.WebTierApplicationTests" time="4.08" tests="1" errors="0" skipped="0" failures="0">
  <properties>
    <property name="java.specification.version" value="17"/>
    <property name="sun.cpu.isalist" value="amd64"/>
    <property name="sun.jnu.encoding" value="Cp1252"/>
    <property name="java.class.path" value="C:\Users\Avinash\Downloads\AvinashKodali_ManognaPagadala_ManaswiKommini\source_code\WebTier\target\test-classes;C:\Users\Avinash\Downloads\AvinashKodali_ManognaPagadala_ManaswiKommini\source_code\WebTier\target\classes;C:\Users\Avinash\.m2\repository\org\springframework\boot\spring-boot-starter-web\2.4.3\spring-boot-starter-web-2.4.3.jar;C:\Users\Avinash\.m2\repository\org\springframework\boot\spring-boot-starter\2.4.3\spring-boot-starter-2.4.3.jar;C:\Users\Avinash\.m2\repository\jakarta\annotation\jakarta.annotation-api\1.3.5\jakarta.annotation-api-1.3.5.jar;C:\Users\Avinash\.m2\repository\org\yaml\snakeyaml\1.27\snakeyaml-1.27.jar;C:\Users\Avinash\.m2\repository\org\springframework\boot\spring-boot-starter-json\2.4.3\spring-boot-starter-json-2.4.3.jar;C:\Users\Avinash\.m2\repository\com\fasterxml\jackson\core\jackson-databind\2.11.4\jackson-databind-2.11.4.jar;C:\Users\Avinash\.m2\repository\com\fasterxml\jackson\core\jackson-annotations\2.11.4\jackson-annotations-2.11.4.jar;C:\Users\Avinash\.m2\repository\com\fasterxml\jackson\core\jackson-core\2.11.4\jackson-core-2.11.4.jar;C:\Users\Avinash\.m2\repository\com\fasterxml\jackson\datatype\jackson-datatype-jdk8\2.11.4\jackson-datatype-jdk8-2.11.4.jar;C:\Users\Avinash\.m2\repository\com\fasterxml\jackson\datatype\jackson-datatype-jsr310\2.11.4\jackson-datatype-jsr310-2.11.4.jar;C:\Users\Avinash\.m2\repository\com\fasterxml\jackson\module\jackson-module-parameter-names\2.11.4\jackson-module-parameter-names-2.11.4.jar;C:\Users\Avinash\.m2\repository\org\springframework\boot\spring-boot-starter-tomcat\2.4.3\spring-boot-starter-tomcat-2.4.3.jar;C:\Users\Avinash\.m2\repository\org\apache\tomcat\embed\tomcat-embed-core\9.0.43\tomcat-embed-core-9.0.43.jar;C:\Users\Avinash\.m2\repository\org\glassfish\jakarta.el\3.0.3\jakarta.el-3.0.3.jar;C:\Users\Avinash\.m2\repository\org\apache\tomcat\embed\tomcat-embed-websocket\9.0.43\tomcat-embed-websocket-9.0.43.jar;C:\Users\Avinash\.m2\repository\org\springframework\spring-web\5.3.4\spring-web-5.3.4.jar;C:\Users\Avinash\.m2\repository\org\springframework\spring-beans\5.3.4\spring-beans-5.3.4.jar;C:\Users\Avinash\.m2\repository\org\springframework\spring-webmvc\5.3.4\spring-webmvc-5.3.4.jar;C:\Users\Avinash\.m2\repository\org\springframework\spring-aop\5.3.4\spring-aop-5.3.4.jar;C:\Users\Avinash\.m2\repository\org\springframework\spring-context\5.3.4\spring-context-5.3.4.jar;C:\Users\Avinash\.m2\repository\org\springframework\spring-expression\5.3.4\spring-expression-5.3.4.jar;C:\Users\Avinash\.m2\repository\org\springframework\boot\spring-boot-starter-test\2.4.3\spring-boot-starter-test-2.4.3.jar;C:\Users\Avinash\.m2\repository\org\springframework\boot\spring-boot-test\2.4.3\spring-boot-test-2.4.3.jar;C:\Users\Avinash\.m2\repository\org\springframework\boot\spring-boot-test-autoconfigure\2.4.3\spring-boot-test-autoconfigure-2.4.3.jar;C:\Users\Avinash\.m2\repository\com\jayway\jsonpath\json-path\2.4.0\json-path-2.4.0.jar;C:\Users\Avinash\.m2\repository\net\minidev\json-smart\2.3\json-smart-2.3.jar;C:\Users\Avinash\.m2\repository\net\minidev\accessors-smart\1.2\accessors-smart-1.2.jar;C:\Users\Avinash\.m2\repository\org\ow2\asm\asm\5.0.4\asm-5.0.4.jar;C:\Users\Avinash\.m2\repository\org\slf4j\slf4j-api\1.7.30\slf4j-api-1.7.30.jar;C:\Users\Avinash\.m2\repository\jakarta\xml\bind\jakarta.xml.bind-api\2.3.3\jakarta.xml.bind-api-2.3.3.jar;C:\Users\Avinash\.m2\repository\jakarta\activation\jakarta.activation-api\1.2.2\jakarta.activation-api-1.2.2.jar;C:\Users\Avinash\.m2\repository\org\assertj\assertj-core\3.18.1\assertj-core-3.18.1.jar;C:\Users\Avinash\.m2\repository\org\hamcrest\hamcrest\2.2\hamcrest-2.2.jar;C:\Users\Avinash\.m2\repository\org\junit\jupiter\junit-jupiter\5.7.1\junit-jupiter-5.7.1.jar;C:\Users\Avinash\.m2\repository\org\junit\jupiter\junit-jupiter-api\5.7.1\junit-jupiter-api-5.7.1.jar;C:\Users\Avinash\.m2\repository\org\apiguardian\apiguardian-api\1.1.0\apiguardian-api-1.1.0.jar;C:\Users\Avinash\.m2\repository\org\opentest4j\opentest4j\1.2.0\opentest4j-1.2.0.jar;C:\Users\Avinash\.m2\repository\org\junit\platform\junit-platform-commons\1.7.1\junit-platform-commons-1.7.1.jar;C:\Users\Avinash\.m2\repository\org\junit\jupiter\junit-jupiter-params\5.7.1\junit-jupiter-params-5.7.1.jar;C:\Users\Avinash\.m2\repository\org\junit\jupiter\junit-jupiter-engine\5.7.1\junit-jupiter-engine-5.7.1.jar;C:\Users\Avinash\.m2\repository\org\junit\platform\junit-platform-engine\1.7.1\junit-platform-engine-1.7.1.jar;C:\Users\Avinash\.m2\repository\org\mockito\mockito-core\3.6.28\mockito-core-3.6.28.jar;C:\Users\Avinash\.m2\repository\net\bytebuddy\byte-buddy\1.10.20\byte-buddy-1.10.20.jar;C:\Users\Avinash\.m2\repository\net\bytebuddy\byte-buddy-agent\1.10.20\byte-buddy-agent-1.10.20.jar;C:\Users\Avinash\.m2\repository\org\objenesis\objenesis\3.1\objenesis-3.1.jar;C:\Users\Avinash\.m2\repository\org\mockito\mockito-junit-jupiter\3.6.28\mockito-junit-jupiter-3.6.28.jar;C:\Users\Avinash\.m2\repository\org\skyscreamer\jsonassert\1.5.0\jsonassert-1.5.0.jar;C:\Users\Avinash\.m2\repository\com\vaadin\external\google\android-json\0.0.20131108.vaadin1\android-json-0.0.20131108.vaadin1.jar;C:\Users\Avinash\.m2\repository\org\springframework\spring-core\5.3.4\spring-core-5.3.4.jar;C:\Users\Avinash\.m2\repository\org\springframework\spring-jcl\5.3.4\spring-jcl-5.3.4.jar;C:\Users\Avinash\.m2\repository\org\springframework\spring-test\5.3.4\spring-test-5.3.4.jar;C:\Users\Avinash\.m2\repository\org\xmlunit\xmlunit-core\2.7.0\xmlunit-core-2.7.0.jar;C:\Users\Avinash\.m2\repository\com\amazonaws\aws-java-sdk\1.11.256\aws-java-sdk-1.11.256.jar;C:\Users\Avinash\.m2\repository\com\amazonaws\aws-java-sdk-workmail\1.11.256\aws-java-sdk-workmail-1.11.256.jar;C:\Users\Avinash\.m2\repository\com\amazonaws\jmespath-java\1.11.256\jmespath-java-1.11.256.jar;C:\Users\Avinash\.m2\repository\com\amazonaws\aws-java-sdk-servicediscovery\1.11.256\aws-java-sdk-servicediscovery-1.11.256.jar;C:\Users\Avinash\.m2\repository\com\amazonaws\aws-java-sdk-cloud9\1.11.256\aws-java-sdk-cloud9-1.11.256.jar;C:\Users\Avinash\.m2\repository\com\amazonaws\aws-java-sdk-serverlessapplicationrepository\1.11.256\aws-java-sdk-serverlessapplicationrepository-1.11.256.jar;C:\Users\Avinash\.m2\repository\com\amazonaws\aws-java-sdk-alexaforbusiness\1.11.256\aws-java-sdk-alexaforbusiness-1.11.256.jar;C:\Users\Avinash\.m2\repository\com\amazonaws\aws-java-sdk-resourcegroups\1.11.256\aws-java-sdk-resourcegroups-1.11.256.jar;C:\Users\Avinash\.m2\repository\com\amazonaws\aws-java-sdk-comprehend\1.11.256\aws-java-sdk-comprehend-1.11.256.jar;C:\Users\Avinash\.m2\repository\com\amazonaws\aws-java-sdk-translate\1.11.256\aws-java-sdk-translate-1.11.256.jar;C:\Users\Avinash\.m2\repository\com\amazonaws\aws-java-sdk-sagemaker\1.11.256\aws-java-sdk-sagemaker-1.11.256.jar;C:\Users\Avinash\.m2\repository\com\amazonaws\aws-java-sdk-iotjobsdataplane\1.11.256\aws-java-sdk-iotjobsdataplane-1.11.256.jar;C:\Users\Avinash\.m2\repository\com\amazonaws\aws-java-sdk-sagemakerruntime\1.11.256\aws-java-sdk-sagemakerruntime-1.11.256.jar;C:\Users\Avinash\.m2\repository\com\amazonaws\aws-java-sdk-kinesisvideo\1.11.256\aws-java-sdk-kinesisvideo-1.11.256.jar;C:\Users\Avinash\.m2\repository\io\netty\netty-codec-http\4.1.59.Final\netty-codec-http-4.1.59.Final.jar;C:\Users\Avinash\.m2\repository\io\netty\netty-common\4.1.59.Final\netty-common-4.1.59.Final.jar;C:\Users\Avinash\.m2\repository\io\netty\netty-buffer\4.1.59.Final\netty-buffer-4.1.59.Final.jar;C:\Users\Avinash\.m2\repository\io\netty\netty-transport\4.1.59.Final\netty-transport-4.1.59.Final.jar;C:\Users\Avinash\.m2\repository\io\netty\netty-codec\4.1.59.Final\netty-codec-4.1.59.Final.jar;C:\Users\Avinash\.m2\repository\io\netty\netty-handler\4.1.59.Final\netty-handler-4.1.59.Final.jar;C:\Users\Avinash\.m2\repository\io\netty\netty-resolver\4.1.59.Final\netty-resolver-4.1.59.Final.jar;C:\Users\Avinash\.m2\repository\com\amazonaws\aws-java-sdk-appsync\1.11.256\aws-java-sdk-appsync-1.11.256.jar;C:\Users\Avinash\.m2\repository\com\amazonaws\aws-java-sdk-guardduty\1.11.256\aws-java-sdk-guardduty-1.11.256.jar;C:\Users\Avinash\.m2\repository\com\amazonaws\aws-java-sdk-mq\1.11.256\aws-java-sdk-mq-1.11.256.jar;C:\Users\Avinash\.m2\repository\com\amazonaws\aws-java-sdk-mediaconvert\1.11.256\aws-java-sdk-mediaconvert-1.11.256.jar;C:\Users\Avinash\.m2\repository\com\amazonaws\aws-java-sdk-mediastore\1.11.256\aws-java-sdk-mediastore-1.11.256.jar;C:\Users\Avinash\.m2\repository\com\amazonaws\aws-java-sdk-mediastoredata\1.11.256\aws-java-sdk-mediastoredata-1.11.256.jar;C:\Users\Avinash\.m2\repository\com\amazonaws\aws-java-sdk-medialive\1.11.256\aws-java-sdk-medialive-1.11.256.jar;C:\Users\Avinash\.m2\repository\com\amazonaws\aws-java-sdk-mediapackage\1.11.256\aws-java-sdk-mediapackage-1.11.256.jar;C:\Users\Avinash\.m2\repository\com\amazonaws\aws-java-sdk-costexplorer\1.11.256\aws-java-sdk-costexplorer-1.11.256.jar;C:\Users\Avinash\.m2\repository\com\amazonaws\aws-java-sdk-pricing\1.11.256\aws-java-sdk-pricing-1.11.256.jar;C:\Users\Avinash\.m2\repository\com\amazonaws\aws-java-sdk-mobile\1.11.256\aws-java-sdk-mobile-1.11.256.jar;C:\Users\Avinash\.m2\repository\com\amazonaws\aws-java-sdk-cloudhsmv2\1.11.256\aws-java-sdk-cloudhsmv2-1.11.256.jar;C:\Users\Avinash\.m2\repository\com\amazonaws\aws-java-sdk-glue\1.11.256\aws-java-sdk-glue-1.11.256.jar;C:\Users\Avinash\.m2\repository\com\amazonaws\aws-java-sdk-migrationhub\1.11.256\aws-java-sdk-migrationhub-1.11.256.jar;C:\Users\Avinash\.m2\repository\com\amazonaws\aws-java-sdk-dax\1.11.256\aws-java-sdk-dax-1.11.256.jar;C:\Users\Avinash\.m2\repository\com\amazonaws\aws-java-sdk-greengrass\1.11.256\aws-java-sdk-greengrass-1.11.256.jar;C:\Users\Avinash\.m2\repository\com\amazonaws\aws-java-sdk-athena\1.11.256\aws-java-sdk-athena-1.11.256.jar;C:\Users\Avinash\.m2\repository\com\amazonaws\aws-java-sdk-marketplaceentitlement\1.11.256\aws-java-sdk-marketplaceentitlement-1.11.256.jar;C:\Users\Avinash\.m2\repository\com\amazonaws\aws-java-sdk-codestar\1.11.256\aws-java-sdk-codestar-1.11.256.jar;C:\Users\Avinash\.m2\repository\com\amazonaws\aws-java-sdk-lexmodelbuilding\1.11.256\aws-java-sdk-lexmodelbuilding-1.11.256.jar;C:\Users\Avinash\.m2\repository\com\amazonaws\aws-java-sdk-resourcegroupstaggingapi\1.11.256\aws-java-sdk-resourcegroupstaggingapi-1.11.256.jar;C:\Users\Avinash\.m2\repository\com\amazonaws\aws-java-sdk-pinpoint\1.11.256\aws-java-sdk-pinpoint-1.11.256.jar;C:\Users\Avinash\.m2\repository\com\amazonaws\aws-java-sdk-xray\1.11.256\aws-java-sdk-xray-1.11.256.jar;C:\Users\Avinash\.m2\repository\com\amazonaws\aws-java-sdk-opsworkscm\1.11.256\aws-java-sdk-opsworkscm-1.11.256.jar;C:\Users\Avinash\.m2\repository\com\amazonaws\aws-java-sdk-support\1.11.256\aws-java-sdk-support-1.11.256.jar;C:\Users\Avinash\.m2\repository\com\amazonaws\aws-java-sdk-simpledb\1.11.256\aws-java-sdk-simpledb-1.11.256.jar;C:\Users\Avinash\.m2\repository\com\amazonaws\aws-java-sdk-servicecatalog\1.11.256\aws-java-sdk-servicecatalog-1.11.256.jar;C:\Users\Avinash\.m2\repository\com\amazonaws\aws-java-sdk-servermigration\1.11.256\aws-java-sdk-servermigration-1.11.256.jar;C:\Users\Avinash\.m2\repository\com\amazonaws\aws-java-sdk-simpleworkflow\1.11.256\aws-java-sdk-simpleworkflow-1.11.256.jar;C:\Users\Avinash\.m2\repository\com\amazonaws\aws-java-sdk-storagegateway\1.11.256\aws-java-sdk-storagegateway-1.11.256.jar;C:\Users\Avinash\.m2\repository\com\amazonaws\aws-java-sdk-route53\1.11.256\aws-java-sdk-route53-1.11.256.jar;C:\Users\Avinash\.m2\repository\com\amazonaws\aws-java-sdk-s3\1.11.256\aws-java-sdk-s3-1.11.256.jar;C:\Users\Avinash\.m2\repository\com\amazonaws\aws-java-sdk-importexport\1.11.256\aws-java-sdk-importexport-1.11.256.jar;C:\Users\Avinash\.m2\repository\com\amazonaws\aws-java-sdk-sts\1.11.256\aws-java-sdk-sts-1.11.256.jar;C:\Users\Avinash\.m2\repository\com\amazonaws\aws-java-sdk-sqs\1.11.256\aws-java-sdk-sqs-1.11.256.jar;C:\Users\Avinash\.m2\repository\com\amazonaws\aws-java-sdk-rds\1.11.256\aws-java-sdk-rds-1.11.256.jar;C:\Users\Avinash\.m2\repository\com\amazonaws\aws-java-sdk-redshift\1.11.256\aws-java-sdk-redshift-1.11.256.jar;C:\Users\Avinash\.m2\repository\com\amazonaws\aws-java-sdk-elasticbeanstalk\1.11.256\aws-java-sdk-elasticbeanstalk-1.11.256.jar;C:\Users\Avinash\.m2\repository\com\amazonaws\aws-java-sdk-glacier\1.11.256\aws-java-sdk-glacier-1.11.256.jar;C:\Users\Avinash\.m2\repository\com\amazonaws\aws-java-sdk-iam\1.11.256\aws-java-sdk-iam-1.11.256.jar;C:\Users\Avinash\.m2\repository\com\amazonaws\aws-java-sdk-datapipeline\1.11.256\aws-java-sdk-datapipeline-1.11.256.jar;C:\Users\Avinash\.m2\repository\com\amazonaws\aws-java-sdk-elasticloadbalancing\1.11.256\aws-java-sdk-elasticloadbalancing-1.11.256.jar;C:\Users\Avinash\.m2\repository\com\amazonaws\aws-java-sdk-elasticloadbalancingv2\1.11.256\aws-java-sdk-elasticloadbalancingv2-1.11.256.jar;C:\Users\Avinash\.m2\repository\com\amazonaws\aws-java-sdk-emr\1.11.256\aws-java-sdk-emr-1.11.256.jar;C:\Users\Avinash\.m2\repository\com\amazonaws\aws-java-sdk-elasticache\1.11.256\aws-java-sdk-elasticache-1.11.256.jar;C:\Users\Avinash\.m2\repository\com\amazonaws\aws-java-sdk-elastictranscoder\1.11.256\aws-java-sdk-elastictranscoder-1.11.256.jar;C:\Users\Avinash\.m2\repository\com\amazonaws\aws-java-sdk-ec2\1.11.256\aws-java-sdk-ec2-1.11.256.jar;C:\Users\Avinash\.m2\repository\com\amazonaws\aws-java-sdk-dynamodb\1.11.256\aws-java-sdk-dynamodb-1.11.256.jar;C:\Users\Avinash\.m2\repository\com\amazonaws\aws-java-sdk-sns\1.11.256\aws-java-sdk-sns-1.11.256.jar;C:\Users\Avinash\.m2\repository\com\amazonaws\aws-java-sdk-budgets\1.11.256\aws-java-sdk-budgets-1.11.256.jar;C:\Users\Avinash\.m2\repository\com\amazonaws\aws-java-sdk-cloudtrail\1.11.256\aws-java-sdk-cloudtrail-1.11.256.jar;C:\Users\Avinash\.m2\repository\com\amazonaws\aws-java-sdk-cloudwatch\1.11.256\aws-java-sdk-cloudwatch-1.11.256.jar;C:\Users\Avinash\.m2\repository\com\amazonaws\aws-java-sdk-logs\1.11.256\aws-java-sdk-logs-1.11.256.jar;C:\Users\Avinash\.m2\repository\com\amazonaws\aws-java-sdk-events\1.11.256\aws-java-sdk-events-1.11.256.jar;C:\Users\Avinash\.m2\repository\com\amazonaws\aws-java-sdk-cognitoidentity\1.11.256\aws-java-sdk-cognitoidentity-1.11.256.jar;C:\Users\Avinash\.m2\repository\com\amazonaws\aws-java-sdk-cognitosync\1.11.256\aws-java-sdk-cognitosync-1.11.256.jar;C:\Users\Avinash\.m2\repository\com\amazonaws\aws-java-sdk-directconnect\1.11.256\aws-java-sdk-directconnect-1.11.256.jar;C:\Users\Avinash\.m2\repository\com\amazonaws\aws-java-sdk-cloudformation\1.11.256\aws-java-sdk-cloudformation-1.11.256.jar;C:\Users\Avinash\.m2\repository\com\amazonaws\aws-java-sdk-cloudfront\1.11.256\aws-java-sdk-cloudfront-1.11.256.jar;C:\Users\Avinash\.m2\repository\com\amazonaws\aws-java-sdk-clouddirectory\1.11.256\aws-java-sdk-clouddirectory-1.11.256.jar;C:\Users\Avinash\.m2\repository\com\amazonaws\aws-java-sdk-kinesis\1.11.256\aws-java-sdk-kinesis-1.11.256.jar;C:\Users\Avinash\.m2\repository\com\amazonaws\aws-java-sdk-opsworks\1.11.256\aws-java-sdk-opsworks-1.11.256.jar;C:\Users\Avinash\.m2\repository\com\amazonaws\aws-java-sdk-ses\1.11.256\aws-java-sdk-ses-1.11.256.jar;C:\Users\Avinash\.m2\repository\com\amazonaws\aws-java-sdk-autoscaling\1.11.256\aws-java-sdk-autoscaling-1.11.256.jar;C:\Users\Avinash\.m2\repository\com\amazonaws\aws-java-sdk-cloudsearch\1.11.256\aws-java-sdk-cloudsearch-1.11.256.jar;C:\Users\Avinash\.m2\repository\com\amazonaws\aws-java-sdk-cloudwatchmetrics\1.11.256\aws-java-sdk-cloudwatchmetrics-1.11.256.jar;C:\Users\Avinash\.m2\repository\com\amazonaws\aws-java-sdk-codedeploy\1.11.256\aws-java-sdk-codedeploy-1.11.256.jar;C:\Users\Avinash\.m2\repository\com\amazonaws\aws-java-sdk-codepipeline\1.11.256\aws-java-sdk-codepipeline-1.11.256.jar;C:\Users\Avinash\.m2\repository\com\amazonaws\aws-java-sdk-kms\1.11.256\aws-java-sdk-kms-1.11.256.jar;C:\Users\Avinash\.m2\repository\com\amazonaws\aws-java-sdk-config\1.11.256\aws-java-sdk-config-1.11.256.jar;C:\Users\Avinash\.m2\repository\com\amazonaws\aws-java-sdk-lambda\1.11.256\aws-java-sdk-lambda-1.11.256.jar;C:\Users\Avinash\.m2\repository\com\amazonaws\aws-java-sdk-ecs\1.11.256\aws-java-sdk-ecs-1.11.256.jar;C:\Users\Avinash\.m2\repository\com\amazonaws\aws-java-sdk-ecr\1.11.256\aws-java-sdk-ecr-1.11.256.jar;C:\Users\Avinash\.m2\repository\com\amazonaws\aws-java-sdk-cloudhsm\1.11.256\aws-java-sdk-cloudhsm-1.11.256.jar;C:\Users\Avinash\.m2\repository\com\amazonaws\aws-java-sdk-ssm\1.11.256\aws-java-sdk-ssm-1.11.256.jar;C:\Users\Avinash\.m2\repository\com\amazonaws\aws-java-sdk-workspaces\1.11.256\aws-java-sdk-workspaces-1.11.256.jar;C:\Users\Avinash\.m2\repository\com\amazonaws\aws-java-sdk-machinelearning\1.11.256\aws-java-sdk-machinelearning-1.11.256.jar;C:\Users\Avinash\.m2\repository\com\amazonaws\aws-java-sdk-directory\1.11.256\aws-java-sdk-directory-1.11.256.jar;C:\Users\Avinash\.m2\repository\com\amazonaws\aws-java-sdk-efs\1.11.256\aws-java-sdk-efs-1.11.256.jar;C:\Users\Avinash\.m2\repository\com\amazonaws\aws-java-sdk-codecommit\1.11.256\aws-java-sdk-codecommit-1.11.256.jar;C:\Users\Avinash\.m2\repository\com\amazonaws\aws-java-sdk-devicefarm\1.11.256\aws-java-sdk-devicefarm-1.11.256.jar;C:\Users\Avinash\.m2\repository\com\amazonaws\aws-java-sdk-elasticsearch\1.11.256\aws-java-sdk-elasticsearch-1.11.256.jar;C:\Users\Avinash\.m2\repository\com\amazonaws\aws-java-sdk-waf\1.11.256\aws-java-sdk-waf-1.11.256.jar;C:\Users\Avinash\.m2\repository\com\amazonaws\aws-java-sdk-marketplacecommerceanalytics\1.11.256\aws-java-sdk-marketplacecommerceanalytics-1.11.256.jar;C:\Users\Avinash\.m2\repository\com\amazonaws\aws-java-sdk-inspector\1.11.256\aws-java-sdk-inspector-1.11.256.jar;C:\Users\Avinash\.m2\repository\com\amazonaws\aws-java-sdk-iot\1.11.256\aws-java-sdk-iot-1.11.256.jar;C:\Users\Avinash\.m2\repository\com\amazonaws\aws-java-sdk-api-gateway\1.11.256\aws-java-sdk-api-gateway-1.11.256.jar;C:\Users\Avinash\.m2\repository\com\amazonaws\aws-java-sdk-acm\1.11.256\aws-java-sdk-acm-1.11.256.jar;C:\Users\Avinash\.m2\repository\com\amazonaws\aws-java-sdk-gamelift\1.11.256\aws-java-sdk-gamelift-1.11.256.jar;C:\Users\Avinash\.m2\repository\com\amazonaws\aws-java-sdk-dms\1.11.256\aws-java-sdk-dms-1.11.256.jar;C:\Users\Avinash\.m2\repository\com\amazonaws\aws-java-sdk-marketplacemeteringservice\1.11.256\aws-java-sdk-marketplacemeteringservice-1.11.256.jar;C:\Users\Avinash\.m2\repository\com\amazonaws\aws-java-sdk-cognitoidp\1.11.256\aws-java-sdk-cognitoidp-1.11.256.jar;C:\Users\Avinash\.m2\repository\com\amazonaws\aws-java-sdk-discovery\1.11.256\aws-java-sdk-discovery-1.11.256.jar;C:\Users\Avinash\.m2\repository\com\amazonaws\aws-java-sdk-applicationautoscaling\1.11.256\aws-java-sdk-applicationautoscaling-1.11.256.jar;C:\Users\Avinash\.m2\repository\com\amazonaws\aws-java-sdk-snowball\1.11.256\aws-java-sdk-snowball-1.11.256.jar;C:\Users\Avinash\.m2\repository\com\amazonaws\aws-java-sdk-rekognition\1.11.256\aws-java-sdk-rekognition-1.11.256.jar;C:\Users\Avinash\.m2\repository\com\amazonaws\aws-java-sdk-polly\1.11.256\aws-java-sdk-polly-1.11.256.jar;C:\Users\Avinash\.m2\repository\com\amazonaws\aws-java-sdk-lightsail\1.11.256\aws-java-sdk-lightsail-1.11.256.jar;C:\Users\Avinash\.m2\repository\com\amazonaws\aws-java-sdk-stepfunctions\1.11.256\aws-java-sdk-stepfunctions-1.11.256.jar;C:\Users\Avinash\.m2\repository\com\amazonaws\aws-java-sdk-health\1.11.256\aws-java-sdk-health-1.11.256.jar;C:\Users\Avinash\.m2\repository\com\amazonaws\aws-java-sdk-costandusagereport\1.11.256\aws-java-sdk-costandusagereport-1.11.256.jar;C:\Users\Avinash\.m2\repository\com\amazonaws\aws-java-sdk-codebuild\1.11.256\aws-java-sdk-codebuild-1.11.256.jar;C:\Users\Avinash\.m2\repository\com\amazonaws\aws-java-sdk-appstream\1.11.256\aws-java-sdk-appstream-1.11.256.jar;C:\Users\Avinash\.m2\repository\com\amazonaws\aws-java-sdk-shield\1.11.256\aws-java-sdk-shield-1.11.256.jar;C:\Users\Avinash\.m2\repository\com\amazonaws\aws-java-sdk-batch\1.11.256\aws-java-sdk-batch-1.11.256.jar;C:\Users\Avinash\.m2\repository\com\amazonaws\aws-java-sdk-lex\1.11.256\aws-java-sdk-lex-1.11.256.jar;C:\Users\Avinash\.m2\repository\com\amazonaws\aws-java-sdk-mechanicalturkrequester\1.11.256\aws-java-sdk-mechanicalturkrequester-1.11.256.jar;C:\Users\Avinash\.m2\repository\com\amazonaws\aws-java-sdk-organizations\1.11.256\aws-java-sdk-organizations-1.11.256.jar;C:\Users\Avinash\.m2\repository\com\amazonaws\aws-java-sdk-workdocs\1.11.256\aws-java-sdk-workdocs-1.11.256.jar;C:\Users\Avinash\.m2\repository\com\amazonaws\aws-java-sdk-core\1.11.256\aws-java-sdk-core-1.11.256.jar;C:\Users\Avinash\.m2\repository\commons-logging\commons-logging\1.1.3\commons-logging-1.1.3.jar;C:\Users\Avinash\.m2\repository\org\apache\httpcomponents\httpclient\4.5.13\httpclient-4.5.13.jar;C:\Users\Avinash\.m2\repository\org\apache\httpcomponents\httpcore\4.4.14\httpcore-4.4.14.jar;C:\Users\Avinash\.m2\repository\commons-codec\commons-codec\1.15\commons-codec-1.15.jar;C:\Users\Avinash\.m2\repository\software\amazon\ion\ion-java\1.0.2\ion-java-1.0.2.jar;C:\Users\Avinash\.m2\repository\com\fasterxml\jackson\dataformat\jackson-dataformat-cbor\2.11.4\jackson-dataformat-cbor-2.11.4.jar;C:\Users\Avinash\.m2\repository\joda-time\joda-time\2.8.1\joda-time-2.8.1.jar;C:\Users\Avinash\.m2\repository\com\amazonaws\aws-java-sdk-models\1.11.256\aws-java-sdk-models-1.11.256.jar;C:\Users\Avinash\.m2\repository\com\amazonaws\aws-java-sdk-swf-libraries\1.11.22\aws-java-sdk-swf-libraries-1.11.22.jar;C:\Users\Avinash\.m2\repository\com\amazonaws\amazon-kinesis-client\1.2.1\amazon-kinesis-client-1.2.1.jar;C:\Users\Avinash\.m2\repository\javax\xml\bind\jaxb-api\2.3.1\jaxb-api-2.3.1.jar;C:\Users\Avinash\.m2\repository\javax\activation\javax.activation-api\1.2.0\javax.activation-api-1.2.0.jar;C:\Users\Avinash\.m2\repository\org\springframework\boot\spring-boot-starter-thymeleaf\2.4.3\spring-boot-starter-thymeleaf-2.4.3.jar;C:\Users\Avinash\.m2\repository\org\thymeleaf\thymeleaf-spring5\3.0.12.RELEASE\thymeleaf-spring5-3.0.12.RELEASE.jar;C:\Users\Avinash\.m2\repository\org\thymeleaf\thymeleaf\3.0.12.RELEASE\thymeleaf-3.0.12.RELEASE.jar;C:\Users\Avinash\.m2\repository\org\attoparser\attoparser\2.0.5.RELEASE\attoparser-2.0.5.RELEASE.jar;C:\Users\Avinash\.m2\repository\org\unbescape\unbescape\1.1.6.RELEASE\unbescape-1.1.6.RELEASE.jar;C:\Users\Avinash\.m2\repository\org\thymeleaf\extras\thymeleaf-extras-java8time\3.0.4.RELEASE\thymeleaf-extras-java8time-3.0.4.RELEASE.jar;C:\Users\Avinash\.m2\repository\org\springframework\boot\spring-boot-devtools\2.4.3\spring-boot-devtools-2.4.3.jar;C:\Users\Avinash\.m2\repository\org\springframework\boot\spring-boot\2.4.3\spring-boot-2.4.3.jar;C:\Users\Avinash\.m2\repository\org\springframework\boot\spring-boot-autoconfigure\2.4.3\spring-boot-autoconfigure-2.4.3.jar;C:\Users\Avinash\.m2\repository\org\springframework\boot\spring-boot-starter-log4j2\2.4.3\spring-boot-starter-log4j2-2.4.3.jar;C:\Users\Avinash\.m2\repository\org\apache\logging\log4j\log4j-slf4j-impl\2.13.3\log4j-slf4j-impl-2.13.3.jar;C:\Users\Avinash\.m2\repository\org\apache\logging\log4j\log4j-api\2.13.3\log4j-api-2.13.3.jar;C:\Users\Avinash\.m2\repository\org\apache\logging\log4j\log4j-core\2.13.3\log4j-core-2.13.3.jar;C:\Users\Avinash\.m2\repository\org\apache\logging\log4j\log4j-jul\2.13.3\log4j-jul-2.13.3.jar;C:\Users\Avinash\.m2\repository\org\slf4j\jul-to-slf4j\1.7.30\jul-to-slf4j-1.7.30.jar;"/>
    <property name="java.vm.vendor" value="Eclipse Adoptium"/>
    <property name="sun.arch.data.model" value="64"/>
    <property name="user.variant" value=""/>
    <property name="java.vendor.url" value="https://adoptium.net/"/>
    <property name="user.timezone" value="America/Phoenix"/>
    <property name="os.name" value="Windows 11"/>
    <property name="java.vm.specification.version" value="17"/>
    <property name="sun.java.launcher" value="SUN_STANDARD"/>
    <property name="user.country" value="US"/>
    <property name="sun.boot.library.path" value="C:\Users\Avinash\.vscode\extensions\redhat.java-1.23.0-win32-x64\jre\17.0.8.1-win32-x86_64\bin"/>
    <property name="sun.java.command" value="C:\Users\Avinash\AppData\Local\Temp\surefire5200094306226464327\surefirebooter1882260992736250607.jar C:\Users\Avinash\AppData\Local\Temp\surefire5200094306226464327 2023-10-10T11-52-56_379-jvmRun1 surefire6497925380336430891tmp surefire_05808868552539391191tmp"/>
    <property name="jdk.debug" value="release"/>
    <property name="surefire.test.class.path" value="C:\Users\Avinash\Downloads\AvinashKodali_ManognaPagadala_ManaswiKommini\source_code\WebTier\target\test-classes;C:\Users\Avinash\Downloads\AvinashKodali_ManognaPagadala_ManaswiKommini\source_code\WebTier\target\classes;C:\Users\Avinash\.m2\repository\org\springframework\boot\spring-boot-starter-web\2.4.3\spring-boot-starter-web-2.4.3.jar;C:\Users\Avinash\.m2\repository\org\springframework\boot\spring-boot-starter\2.4.3\spring-boot-starter-2.4.3.jar;C:\Users\Avinash\.m2\repository\jakarta\annotation\jakarta.annotation-api\1.3.5\jakarta.annotation-api-1.3.5.jar;C:\Users\Avinash\.m2\repository\org\yaml\snakeyaml\1.27\snakeyaml-1.27.jar;C:\Users\Avinash\.m2\repository\org\springframework\boot\spring-boot-starter-json\2.4.3\spring-boot-starter-json-2.4.3.jar;C:\Users\Avinash\.m2\repository\com\fasterxml\jackson\core\jackson-databind\2.11.4\jackson-databind-2.11.4.jar;C:\Users\Avinash\.m2\repository\com\fasterxml\jackson\core\jackson-annotations\2.11.4\jackson-annotations-2.11.4.jar;C:\Users\Avinash\.m2\repository\com\fasterxml\jackson\core\jackson-core\2.11.4\jackson-core-2.11.4.jar;C:\Users\Avinash\.m2\repository\com\fasterxml\jackson\datatype\jackson-datatype-jdk8\2.11.4\jackson-datatype-jdk8-2.11.4.jar;C:\Users\Avinash\.m2\repository\com\fasterxml\jackson\datatype\jackson-datatype-jsr310\2.11.4\jackson-datatype-jsr310-2.11.4.jar;C:\Users\Avinash\.m2\repository\com\fasterxml\jackson\module\jackson-module-parameter-names\2.11.4\jackson-module-parameter-names-2.11.4.jar;C:\Users\Avinash\.m2\repository\org\springframework\boot\spring-boot-starter-tomcat\2.4.3\spring-boot-starter-tomcat-2.4.3.jar;C:\Users\Avinash\.m2\repository\org\apache\tomcat\embed\tomcat-embed-core\9.0.43\tomcat-embed-core-9.0.43.jar;C:\Users\Avinash\.m2\repository\org\glassfish\jakarta.el\3.0.3\jakarta.el-3.0.3.jar;C:\Users\Avinash\.m2\repository\org\apache\tomcat\embed\tomcat-embed-websocket\9.0.43\tomcat-embed-websocket-9.0.43.jar;C:\Users\Avinash\.m2\repository\org\springframework\spring-web\5.3.4\spring-web-5.3.4.jar;C:\Users\Avinash\.m2\repository\org\springframework\spring-beans\5.3.4\spring-beans-5.3.4.jar;C:\Users\Avinash\.m2\repository\org\springframework\spring-webmvc\5.3.4\spring-webmvc-5.3.4.jar;C:\Users\Avinash\.m2\repository\org\springframework\spring-aop\5.3.4\spring-aop-5.3.4.jar;C:\Users\Avinash\.m2\repository\org\springframework\spring-context\5.3.4\spring-context-5.3.4.jar;C:\Users\Avinash\.m2\repository\org\springframework\spring-expression\5.3.4\spring-expression-5.3.4.jar;C:\Users\Avinash\.m2\repository\org\springframework\boot\spring-boot-starter-test\2.4.3\spring-boot-starter-test-2.4.3.jar;C:\Users\Avinash\.m2\repository\org\springframework\boot\spring-boot-test\2.4.3\spring-boot-test-2.4.3.jar;C:\Users\Avinash\.m2\repository\org\springframework\boot\spring-boot-test-autoconfigure\2.4.3\spring-boot-test-autoconfigure-2.4.3.jar;C:\Users\Avinash\.m2\repository\com\jayway\jsonpath\json-path\2.4.0\json-path-2.4.0.jar;C:\Users\Avinash\.m2\repository\net\minidev\json-smart\2.3\json-smart-2.3.jar;C:\Users\Avinash\.m2\repository\net\minidev\accessors-smart\1.2\accessors-smart-1.2.jar;C:\Users\Avinash\.m2\repository\org\ow2\asm\asm\5.0.4\asm-5.0.4.jar;C:\Users\Avinash\.m2\repository\org\slf4j\slf4j-api\1.7.30\slf4j-api-1.7.30.jar;C:\Users\Avinash\.m2\repository\jakarta\xml\bind\jakarta.xml.bind-api\2.3.3\jakarta.xml.bind-api-2.3.3.jar;C:\Users\Avinash\.m2\repository\jakarta\activation\jakarta.activation-api\1.2.2\jakarta.activation-api-1.2.2.jar;C:\Users\Avinash\.m2\repository\org\assertj\assertj-core\3.18.1\assertj-core-3.18.1.jar;C:\Users\Avinash\.m2\repository\org\hamcrest\hamcrest\2.2\hamcrest-2.2.jar;C:\Users\Avinash\.m2\repository\org\junit\jupiter\junit-jupiter\5.7.1\junit-jupiter-5.7.1.jar;C:\Users\Avinash\.m2\repository\org\junit\jupiter\junit-jupiter-api\5.7.1\junit-jupiter-api-5.7.1.jar;C:\Users\Avinash\.m2\repository\org\apiguardian\apiguardian-api\1.1.0\apiguardian-api-1.1.0.jar;C:\Users\Avinash\.m2\repository\org\opentest4j\opentest4j\1.2.0\opentest4j-1.2.0.jar;C:\Users\Avinash\.m2\repository\org\junit\platform\junit-platform-commons\1.7.1\junit-platform-commons-1.7.1.jar;C:\Users\Avinash\.m2\repository\org\junit\jupiter\junit-jupiter-params\5.7.1\junit-jupiter-params-5.7.1.jar;C:\Users\Avinash\.m2\repository\org\junit\jupiter\junit-jupiter-engine\5.7.1\junit-jupiter-engine-5.7.1.jar;C:\Users\Avinash\.m2\repository\org\junit\platform\junit-platform-engine\1.7.1\junit-platform-engine-1.7.1.jar;C:\Users\Avinash\.m2\repository\org\mockito\mockito-core\3.6.28\mockito-core-3.6.28.jar;C:\Users\Avinash\.m2\repository\net\bytebuddy\byte-buddy\1.10.20\byte-buddy-1.10.20.jar;C:\Users\Avinash\.m2\repository\net\bytebuddy\byte-buddy-agent\1.10.20\byte-buddy-agent-1.10.20.jar;C:\Users\Avinash\.m2\repository\org\objenesis\objenesis\3.1\objenesis-3.1.jar;C:\Users\Avinash\.m2\repository\org\mockito\mockito-junit-jupiter\3.6.28\mockito-junit-jupiter-3.6.28.jar;C:\Users\Avinash\.m2\repository\org\skyscreamer\jsonassert\1.5.0\jsonassert-1.5.0.jar;C:\Users\Avinash\.m2\repository\com\vaadin\external\google\android-json\0.0.20131108.vaadin1\android-json-0.0.20131108.vaadin1.jar;C:\Users\Avinash\.m2\repository\org\springframework\spring-core\5.3.4\spring-core-5.3.4.jar;C:\Users\Avinash\.m2\repository\org\springframework\spring-jcl\5.3.4\spring-jcl-5.3.4.jar;C:\Users\Avinash\.m2\repository\org\springframework\spring-test\5.3.4\spring-test-5.3.4.jar;C:\Users\Avinash\.m2\repository\org\xmlunit\xmlunit-core\2.7.0\xmlunit-core-2.7.0.jar;C:\Users\Avinash\.m2\repository\com\amazonaws\aws-java-sdk\1.11.256\aws-java-sdk-1.11.256.jar;C:\Users\Avinash\.m2\repository\com\amazonaws\aws-java-sdk-workmail\1.11.256\aws-java-sdk-workmail-1.11.256.jar;C:\Users\Avinash\.m2\repository\com\amazonaws\jmespath-java\1.11.256\jmespath-java-1.11.256.jar;C:\Users\Avinash\.m2\repository\com\amazonaws\aws-java-sdk-servicediscovery\1.11.256\aws-java-sdk-servicediscovery-1.11.256.jar;C:\Users\Avinash\.m2\repository\com\amazonaws\aws-java-sdk-cloud9\1.11.256\aws-java-sdk-cloud9-1.11.256.jar;C:\Users\Avinash\.m2\repository\com\amazonaws\aws-java-sdk-serverlessapplicationrepository\1.11.256\aws-java-sdk-serverlessapplicationrepository-1.11.256.jar;C:\Users\Avinash\.m2\repository\com\amazonaws\aws-java-sdk-alexaforbusiness\1.11.256\aws-java-sdk-alexaforbusiness-1.11.256.jar;C:\Users\Avinash\.m2\repository\com\amazonaws\aws-java-sdk-resourcegroups\1.11.256\aws-java-sdk-resourcegroups-1.11.256.jar;C:\Users\Avinash\.m2\repository\com\amazonaws\aws-java-sdk-comprehend\1.11.256\aws-java-sdk-comprehend-1.11.256.jar;C:\Users\Avinash\.m2\repository\com\amazonaws\aws-java-sdk-translate\1.11.256\aws-java-sdk-translate-1.11.256.jar;C:\Users\Avinash\.m2\repository\com\amazonaws\aws-java-sdk-sagemaker\1.11.256\aws-java-sdk-sagemaker-1.11.256.jar;C:\Users\Avinash\.m2\repository\com\amazonaws\aws-java-sdk-iotjobsdataplane\1.11.256\aws-java-sdk-iotjobsdataplane-1.11.256.jar;C:\Users\Avinash\.m2\repository\com\amazonaws\aws-java-sdk-sagemakerruntime\1.11.256\aws-java-sdk-sagemakerruntime-1.11.256.jar;C:\Users\Avinash\.m2\repository\com\amazonaws\aws-java-sdk-kinesisvideo\1.11.256\aws-java-sdk-kinesisvideo-1.11.256.jar;C:\Users\Avinash\.m2\repository\io\netty\netty-codec-http\4.1.59.Final\netty-codec-http-4.1.59.Final.jar;C:\Users\Avinash\.m2\repository\io\netty\netty-common\4.1.59.Final\netty-common-4.1.59.Final.jar;C:\Users\Avinash\.m2\repository\io\netty\netty-buffer\4.1.59.Final\netty-buffer-4.1.59.Final.jar;C:\Users\Avinash\.m2\repository\io\netty\netty-transport\4.1.59.Final\netty-transport-4.1.59.Final.jar;C:\Users\Avinash\.m2\repository\io\netty\netty-codec\4.1.59.Final\netty-codec-4.1.59.Final.jar;C:\Users\Avinash\.m2\repository\io\netty\netty-handler\4.1.59.Final\netty-handler-4.1.59.Final.jar;C:\Users\Avinash\.m2\repository\io\netty\netty-resolver\4.1.59.Final\netty-resolver-4.1.59.Final.jar;C:\Users\Avinash\.m2\repository\com\amazonaws\aws-java-sdk-appsync\1.11.256\aws-java-sdk-appsync-1.11.256.jar;C:\Users\Avinash\.m2\repository\com\amazonaws\aws-java-sdk-guardduty\1.11.256\aws-java-sdk-guardduty-1.11.256.jar;C:\Users\Avinash\.m2\repository\com\amazonaws\aws-java-sdk-mq\1.11.256\aws-java-sdk-mq-1.11.256.jar;C:\Users\Avinash\.m2\repository\com\amazonaws\aws-java-sdk-mediaconvert\1.11.256\aws-java-sdk-mediaconvert-1.11.256.jar;C:\Users\Avinash\.m2\repository\com\amazonaws\aws-java-sdk-mediastore\1.11.256\aws-java-sdk-mediastore-1.11.256.jar;C:\Users\Avinash\.m2\repository\com\amazonaws\aws-java-sdk-mediastoredata\1.11.256\aws-java-sdk-mediastoredata-1.11.256.jar;C:\Users\Avinash\.m2\repository\com\amazonaws\aws-java-sdk-medialive\1.11.256\aws-java-sdk-medialive-1.11.256.jar;C:\Users\Avinash\.m2\repository\com\amazonaws\aws-java-sdk-mediapackage\1.11.256\aws-java-sdk-mediapackage-1.11.256.jar;C:\Users\Avinash\.m2\repository\com\amazonaws\aws-java-sdk-costexplorer\1.11.256\aws-java-sdk-costexplorer-1.11.256.jar;C:\Users\Avinash\.m2\repository\com\amazonaws\aws-java-sdk-pricing\1.11.256\aws-java-sdk-pricing-1.11.256.jar;C:\Users\Avinash\.m2\repository\com\amazonaws\aws-java-sdk-mobile\1.11.256\aws-java-sdk-mobile-1.11.256.jar;C:\Users\Avinash\.m2\repository\com\amazonaws\aws-java-sdk-cloudhsmv2\1.11.256\aws-java-sdk-cloudhsmv2-1.11.256.jar;C:\Users\Avinash\.m2\repository\com\amazonaws\aws-java-sdk-glue\1.11.256\aws-java-sdk-glue-1.11.256.jar;C:\Users\Avinash\.m2\repository\com\amazonaws\aws-java-sdk-migrationhub\1.11.256\aws-java-sdk-migrationhub-1.11.256.jar;C:\Users\Avinash\.m2\repository\com\amazonaws\aws-java-sdk-dax\1.11.256\aws-java-sdk-dax-1.11.256.jar;C:\Users\Avinash\.m2\repository\com\amazonaws\aws-java-sdk-greengrass\1.11.256\aws-java-sdk-greengrass-1.11.256.jar;C:\Users\Avinash\.m2\repository\com\amazonaws\aws-java-sdk-athena\1.11.256\aws-java-sdk-athena-1.11.256.jar;C:\Users\Avinash\.m2\repository\com\amazonaws\aws-java-sdk-marketplaceentitlement\1.11.256\aws-java-sdk-marketplaceentitlement-1.11.256.jar;C:\Users\Avinash\.m2\repository\com\amazonaws\aws-java-sdk-codestar\1.11.256\aws-java-sdk-codestar-1.11.256.jar;C:\Users\Avinash\.m2\repository\com\amazonaws\aws-java-sdk-lexmodelbuilding\1.11.256\aws-java-sdk-lexmodelbuilding-1.11.256.jar;C:\Users\Avinash\.m2\repository\com\amazonaws\aws-java-sdk-resourcegroupstaggingapi\1.11.256\aws-java-sdk-resourcegroupstaggingapi-1.11.256.jar;C:\Users\Avinash\.m2\repository\com\amazonaws\aws-java-sdk-pinpoint\1.11.256\aws-java-sdk-pinpoint-1.11.256.jar;C:\Users\Avinash\.m2\repository\com\amazonaws\aws-java-sdk-xray\1.11.256\aws-java-sdk-xray-1.11.256.jar;C:\Users\Avinash\.m2\repository\com\amazonaws\aws-java-sdk-opsworkscm\1.11.256\aws-java-sdk-opsworkscm-1.11.256.jar;C:\Users\Avinash\.m2\repository\com\amazonaws\aws-java-sdk-support\1.11.256\aws-java-sdk-support-1.11.256.jar;C:\Users\Avinash\.m2\repository\com\amazonaws\aws-java-sdk-simpledb\1.11.256\aws-java-sdk-simpledb-1.11.256.jar;C:\Users\Avinash\.m2\repository\com\amazonaws\aws-java-sdk-servicecatalog\1.11.256\aws-java-sdk-servicecatalog-1.11.256.jar;C:\Users\Avinash\.m2\repository\com\amazonaws\aws-java-sdk-servermigration\1.11.256\aws-java-sdk-servermigration-1.11.256.jar;C:\Users\Avinash\.m2\repository\com\amazonaws\aws-java-sdk-simpleworkflow\1.11.256\aws-java-sdk-simpleworkflow-1.11.256.jar;C:\Users\Avinash\.m2\repository\com\amazonaws\aws-java-sdk-storagegateway\1.11.256\aws-java-sdk-storagegateway-1.11.256.jar;C:\Users\Avinash\.m2\repository\com\amazonaws\aws-java-sdk-route53\1.11.256\aws-java-sdk-route53-1.11.256.jar;C:\Users\Avinash\.m2\repository\com\amazonaws\aws-java-sdk-s3\1.11.256\aws-java-sdk-s3-1.11.256.jar;C:\Users\Avinash\.m2\repository\com\amazonaws\aws-java-sdk-importexport\1.11.256\aws-java-sdk-importexport-1.11.256.jar;C:\Users\Avinash\.m2\repository\com\amazonaws\aws-java-sdk-sts\1.11.256\aws-java-sdk-sts-1.11.256.jar;C:\Users\Avinash\.m2\repository\com\amazonaws\aws-java-sdk-sqs\1.11.256\aws-java-sdk-sqs-1.11.256.jar;C:\Users\Avinash\.m2\repository\com\amazonaws\aws-java-sdk-rds\1.11.256\aws-java-sdk-rds-1.11.256.jar;C:\Users\Avinash\.m2\repository\com\amazonaws\aws-java-sdk-redshift\1.11.256\aws-java-sdk-redshift-1.11.256.jar;C:\Users\Avinash\.m2\repository\com\amazonaws\aws-java-sdk-elasticbeanstalk\1.11.256\aws-java-sdk-elasticbeanstalk-1.11.256.jar;C:\Users\Avinash\.m2\repository\com\amazonaws\aws-java-sdk-glacier\1.11.256\aws-java-sdk-glacier-1.11.256.jar;C:\Users\Avinash\.m2\repository\com\amazonaws\aws-java-sdk-iam\1.11.256\aws-java-sdk-iam-1.11.256.jar;C:\Users\Avinash\.m2\repository\com\amazonaws\aws-java-sdk-datapipeline\1.11.256\aws-java-sdk-datapipeline-1.11.256.jar;C:\Users\Avinash\.m2\repository\com\amazonaws\aws-java-sdk-elasticloadbalancing\1.11.256\aws-java-sdk-elasticloadbalancing-1.11.256.jar;C:\Users\Avinash\.m2\repository\com\amazonaws\aws-java-sdk-elasticloadbalancingv2\1.11.256\aws-java-sdk-elasticloadbalancingv2-1.11.256.jar;C:\Users\Avinash\.m2\repository\com\amazonaws\aws-java-sdk-emr\1.11.256\aws-java-sdk-emr-1.11.256.jar;C:\Users\Avinash\.m2\repository\com\amazonaws\aws-java-sdk-elasticache\1.11.256\aws-java-sdk-elasticache-1.11.256.jar;C:\Users\Avinash\.m2\repository\com\amazonaws\aws-java-sdk-elastictranscoder\1.11.256\aws-java-sdk-elastictranscoder-1.11.256.jar;C:\Users\Avinash\.m2\repository\com\amazonaws\aws-java-sdk-ec2\1.11.256\aws-java-sdk-ec2-1.11.256.jar;C:\Users\Avinash\.m2\repository\com\amazonaws\aws-java-sdk-dynamodb\1.11.256\aws-java-sdk-dynamodb-1.11.256.jar;C:\Users\Avinash\.m2\repository\com\amazonaws\aws-java-sdk-sns\1.11.256\aws-java-sdk-sns-1.11.256.jar;C:\Users\Avinash\.m2\repository\com\amazonaws\aws-java-sdk-budgets\1.11.256\aws-java-sdk-budgets-1.11.256.jar;C:\Users\Avinash\.m2\repository\com\amazonaws\aws-java-sdk-cloudtrail\1.11.256\aws-java-sdk-cloudtrail-1.11.256.jar;C:\Users\Avinash\.m2\repository\com\amazonaws\aws-java-sdk-cloudwatch\1.11.256\aws-java-sdk-cloudwatch-1.11.256.jar;C:\Users\Avinash\.m2\repository\com\amazonaws\aws-java-sdk-logs\1.11.256\aws-java-sdk-logs-1.11.256.jar;C:\Users\Avinash\.m2\repository\com\amazonaws\aws-java-sdk-events\1.11.256\aws-java-sdk-events-1.11.256.jar;C:\Users\Avinash\.m2\repository\com\amazonaws\aws-java-sdk-cognitoidentity\1.11.256\aws-java-sdk-cognitoidentity-1.11.256.jar;C:\Users\Avinash\.m2\repository\com\amazonaws\aws-java-sdk-cognitosync\1.11.256\aws-java-sdk-cognitosync-1.11.256.jar;C:\Users\Avinash\.m2\repository\com\amazonaws\aws-java-sdk-directconnect\1.11.256\aws-java-sdk-directconnect-1.11.256.jar;C:\Users\Avinash\.m2\repository\com\amazonaws\aws-java-sdk-cloudformation\1.11.256\aws-java-sdk-cloudformation-1.11.256.jar;C:\Users\Avinash\.m2\repository\com\amazonaws\aws-java-sdk-cloudfront\1.11.256\aws-java-sdk-cloudfront-1.11.256.jar;C:\Users\Avinash\.m2\repository\com\amazonaws\aws-java-sdk-clouddirectory\1.11.256\aws-java-sdk-clouddirectory-1.11.256.jar;C:\Users\Avinash\.m2\repository\com\amazonaws\aws-java-sdk-kinesis\1.11.256\aws-java-sdk-kinesis-1.11.256.jar;C:\Users\Avinash\.m2\repository\com\amazonaws\aws-java-sdk-opsworks\1.11.256\aws-java-sdk-opsworks-1.11.256.jar;C:\Users\Avinash\.m2\repository\com\amazonaws\aws-java-sdk-ses\1.11.256\aws-java-sdk-ses-1.11.256.jar;C:\Users\Avinash\.m2\repository\com\amazonaws\aws-java-sdk-autoscaling\1.11.256\aws-java-sdk-autoscaling-1.11.256.jar;C:\Users\Avinash\.m2\repository\com\amazonaws\aws-java-sdk-cloudsearch\1.11.256\aws-java-sdk-cloudsearch-1.11.256.jar;C:\Users\Avinash\.m2\repository\com\amazonaws\aws-java-sdk-cloudwatchmetrics\1.11.256\aws-java-sdk-cloudwatchmetrics-1.11.256.jar;C:\Users\Avinash\.m2\repository\com\amazonaws\aws-java-sdk-codedeploy\1.11.256\aws-java-sdk-codedeploy-1.11.256.jar;C:\Users\Avinash\.m2\repository\com\amazonaws\aws-java-sdk-codepipeline\1.11.256\aws-java-sdk-codepipeline-1.11.256.jar;C:\Users\Avinash\.m2\repository\com\amazonaws\aws-java-sdk-kms\1.11.256\aws-java-sdk-kms-1.11.256.jar;C:\Users\Avinash\.m2\repository\com\amazonaws\aws-java-sdk-config\1.11.256\aws-java-sdk-config-1.11.256.jar;C:\Users\Avinash\.m2\repository\com\amazonaws\aws-java-sdk-lambda\1.11.256\aws-java-sdk-lambda-1.11.256.jar;C:\Users\Avinash\.m2\repository\com\amazonaws\aws-java-sdk-ecs\1.11.256\aws-java-sdk-ecs-1.11.256.jar;C:\Users\Avinash\.m2\repository\com\amazonaws\aws-java-sdk-ecr\1.11.256\aws-java-sdk-ecr-1.11.256.jar;C:\Users\Avinash\.m2\repository\com\amazonaws\aws-java-sdk-cloudhsm\1.11.256\aws-java-sdk-cloudhsm-1.11.256.jar;C:\Users\Avinash\.m2\repository\com\amazonaws\aws-java-sdk-ssm\1.11.256\aws-java-sdk-ssm-1.11.256.jar;C:\Users\Avinash\.m2\repository\com\amazonaws\aws-java-sdk-workspaces\1.11.256\aws-java-sdk-workspaces-1.11.256.jar;C:\Users\Avinash\.m2\repository\com\amazonaws\aws-java-sdk-machinelearning\1.11.256\aws-java-sdk-machinelearning-1.11.256.jar;C:\Users\Avinash\.m2\repository\com\amazonaws\aws-java-sdk-directory\1.11.256\aws-java-sdk-directory-1.11.256.jar;C:\Users\Avinash\.m2\repository\com\amazonaws\aws-java-sdk-efs\1.11.256\aws-java-sdk-efs-1.11.256.jar;C:\Users\Avinash\.m2\repository\com\amazonaws\aws-java-sdk-codecommit\1.11.256\aws-java-sdk-codecommit-1.11.256.jar;C:\Users\Avinash\.m2\repository\com\amazonaws\aws-java-sdk-devicefarm\1.11.256\aws-java-sdk-devicefarm-1.11.256.jar;C:\Users\Avinash\.m2\repository\com\amazonaws\aws-java-sdk-elasticsearch\1.11.256\aws-java-sdk-elasticsearch-1.11.256.jar;C:\Users\Avinash\.m2\repository\com\amazonaws\aws-java-sdk-waf\1.11.256\aws-java-sdk-waf-1.11.256.jar;C:\Users\Avinash\.m2\repository\com\amazonaws\aws-java-sdk-marketplacecommerceanalytics\1.11.256\aws-java-sdk-marketplacecommerceanalytics-1.11.256.jar;C:\Users\Avinash\.m2\repository\com\amazonaws\aws-java-sdk-inspector\1.11.256\aws-java-sdk-inspector-1.11.256.jar;C:\Users\Avinash\.m2\repository\com\amazonaws\aws-java-sdk-iot\1.11.256\aws-java-sdk-iot-1.11.256.jar;C:\Users\Avinash\.m2\repository\com\amazonaws\aws-java-sdk-api-gateway\1.11.256\aws-java-sdk-api-gateway-1.11.256.jar;C:\Users\Avinash\.m2\repository\com\amazonaws\aws-java-sdk-acm\1.11.256\aws-java-sdk-acm-1.11.256.jar;C:\Users\Avinash\.m2\repository\com\amazonaws\aws-java-sdk-gamelift\1.11.256\aws-java-sdk-gamelift-1.11.256.jar;C:\Users\Avinash\.m2\repository\com\amazonaws\aws-java-sdk-dms\1.11.256\aws-java-sdk-dms-1.11.256.jar;C:\Users\Avinash\.m2\repository\com\amazonaws\aws-java-sdk-marketplacemeteringservice\1.11.256\aws-java-sdk-marketplacemeteringservice-1.11.256.jar;C:\Users\Avinash\.m2\repository\com\amazonaws\aws-java-sdk-cognitoidp\1.11.256\aws-java-sdk-cognitoidp-1.11.256.jar;C:\Users\Avinash\.m2\repository\com\amazonaws\aws-java-sdk-discovery\1.11.256\aws-java-sdk-discovery-1.11.256.jar;C:\Users\Avinash\.m2\repository\com\amazonaws\aws-java-sdk-applicationautoscaling\1.11.256\aws-java-sdk-applicationautoscaling-1.11.256.jar;C:\Users\Avinash\.m2\repository\com\amazonaws\aws-java-sdk-snowball\1.11.256\aws-java-sdk-snowball-1.11.256.jar;C:\Users\Avinash\.m2\repository\com\amazonaws\aws-java-sdk-rekognition\1.11.256\aws-java-sdk-rekognition-1.11.256.jar;C:\Users\Avinash\.m2\repository\com\amazonaws\aws-java-sdk-polly\1.11.256\aws-java-sdk-polly-1.11.256.jar;C:\Users\Avinash\.m2\repository\com\amazonaws\aws-java-sdk-lightsail\1.11.256\aws-java-sdk-lightsail-1.11.256.jar;C:\Users\Avinash\.m2\repository\com\amazonaws\aws-java-sdk-stepfunctions\1.11.256\aws-java-sdk-stepfunctions-1.11.256.jar;C:\Users\Avinash\.m2\repository\com\amazonaws\aws-java-sdk-health\1.11.256\aws-java-sdk-health-1.11.256.jar;C:\Users\Avinash\.m2\repository\com\amazonaws\aws-java-sdk-costandusagereport\1.11.256\aws-java-sdk-costandusagereport-1.11.256.jar;C:\Users\Avinash\.m2\repository\com\amazonaws\aws-java-sdk-codebuild\1.11.256\aws-java-sdk-codebuild-1.11.256.jar;C:\Users\Avinash\.m2\repository\com\amazonaws\aws-java-sdk-appstream\1.11.256\aws-java-sdk-appstream-1.11.256.jar;C:\Users\Avinash\.m2\repository\com\amazonaws\aws-java-sdk-shield\1.11.256\aws-java-sdk-shield-1.11.256.jar;C:\Users\Avinash\.m2\repository\com\amazonaws\aws-java-sdk-batch\1.11.256\aws-java-sdk-batch-1.11.256.jar;C:\Users\Avinash\.m2\repository\com\amazonaws\aws-java-sdk-lex\1.11.256\aws-java-sdk-lex-1.11.256.jar;C:\Users\Avinash\.m2\repository\com\amazonaws\aws-java-sdk-mechanicalturkrequester\1.11.256\aws-java-sdk-mechanicalturkrequester-1.11.256.jar;C:\Users\Avinash\.m2\repository\com\amazonaws\aws-java-sdk-organizations\1.11.256\aws-java-sdk-organizations-1.11.256.jar;C:\Users\Avinash\.m2\repository\com\amazonaws\aws-java-sdk-workdocs\1.11.256\aws-java-sdk-workdocs-1.11.256.jar;C:\Users\Avinash\.m2\repository\com\amazonaws\aws-java-sdk-core\1.11.256\aws-java-sdk-core-1.11.256.jar;C:\Users\Avinash\.m2\repository\commons-logging\commons-logging\1.1.3\commons-logging-1.1.3.jar;C:\Users\Avinash\.m2\repository\org\apache\httpcomponents\httpclient\4.5.13\httpclient-4.5.13.jar;C:\Users\Avinash\.m2\repository\org\apache\httpcomponents\httpcore\4.4.14\httpcore-4.4.14.jar;C:\Users\Avinash\.m2\repository\commons-codec\commons-codec\1.15\commons-codec-1.15.jar;C:\Users\Avinash\.m2\repository\software\amazon\ion\ion-java\1.0.2\ion-java-1.0.2.jar;C:\Users\Avinash\.m2\repository\com\fasterxml\jackson\dataformat\jackson-dataformat-cbor\2.11.4\jackson-dataformat-cbor-2.11.4.jar;C:\Users\Avinash\.m2\repository\joda-time\joda-time\2.8.1\joda-time-2.8.1.jar;C:\Users\Avinash\.m2\repository\com\amazonaws\aws-java-sdk-models\1.11.256\aws-java-sdk-models-1.11.256.jar;C:\Users\Avinash\.m2\repository\com\amazonaws\aws-java-sdk-swf-libraries\1.11.22\aws-java-sdk-swf-libraries-1.11.22.jar;C:\Users\Avinash\.m2\repository\com\amazonaws\amazon-kinesis-client\1.2.1\amazon-kinesis-client-1.2.1.jar;C:\Users\Avinash\.m2\repository\javax\xml\bind\jaxb-api\2.3.1\jaxb-api-2.3.1.jar;C:\Users\Avinash\.m2\repository\javax\activation\javax.activation-api\1.2.0\javax.activation-api-1.2.0.jar;C:\Users\Avinash\.m2\repository\org\springframework\boot\spring-boot-starter-thymeleaf\2.4.3\spring-boot-starter-thymeleaf-2.4.3.jar;C:\Users\Avinash\.m2\repository\org\thymeleaf\thymeleaf-spring5\3.0.12.RELEASE\thymeleaf-spring5-3.0.12.RELEASE.jar;C:\Users\Avinash\.m2\repository\org\thymeleaf\thymeleaf\3.0.12.RELEASE\thymeleaf-3.0.12.RELEASE.jar;C:\Users\Avinash\.m2\repository\org\attoparser\attoparser\2.0.5.RELEASE\attoparser-2.0.5.RELEASE.jar;C:\Users\Avinash\.m2\repository\org\unbescape\unbescape\1.1.6.RELEASE\unbescape-1.1.6.RELEASE.jar;C:\Users\Avinash\.m2\repository\org\thymeleaf\extras\thymeleaf-extras-java8time\3.0.4.RELEASE\thymeleaf-extras-java8time-3.0.4.RELEASE.jar;C:\Users\Avinash\.m2\repository\org\springframework\boot\spring-boot-devtools\2.4.3\spring-boot-devtools-2.4.3.jar;C:\Users\Avinash\.m2\repository\org\springframework\boot\spring-boot\2.4.3\spring-boot-2.4.3.jar;C:\Users\Avinash\.m2\repository\org\springframework\boot\spring-boot-autoconfigure\2.4.3\spring-boot-autoconfigure-2.4.3.jar;C:\Users\Avinash\.m2\repository\org\springframework\boot\spring-boot-starter-log4j2\2.4.3\spring-boot-starter-log4j2-2.4.3.jar;C:\Users\Avinash\.m2\repository\org\apache\logging\log4j\log4j-slf4j-impl\2.13.3\log4j-slf4j-impl-2.13.3.jar;C:\Users\Avinash\.m2\repository\org\apache\logging\log4j\log4j-api\2.13.3\log4j-api-2.13.3.jar;C:\Users\Avinash\.m2\repository\org\apache\logging\log4j\log4j-core\2.13.3\log4j-core-2.13.3.jar;C:\Users\Avinash\.m2\repository\org\apache\logging\log4j\log4j-jul\2.13.3\log4j-jul-2.13.3.jar;C:\Users\Avinash\.m2\repository\org\slf4j\jul-to-slf4j\1.7.30\jul-to-slf4j-1.7.30.jar;"/>
    <property name="sun.cpu.endian" value="little"/>
    <property name="user.home" value="C:\Users\Avinash"/>
    <property name="user.language" value="en"/>
    <property name="java.specification.vendor" value="Oracle Corporation"/>
    <property name="java.version.date" value="2023-08-24"/>
    <property name="java.home" value="C:\Users\Avinash\.vscode\extensions\redhat.java-1.23.0-win32-x64\jre\17.0.8.1-win32-x86_64"/>
    <property name="file.separator" value="\"/>
    <property name="basedir" value="C:\Users\Avinash\Downloads\AvinashKodali_ManognaPagadala_ManaswiKommini\source_code\WebTier"/>
    <property name="java.vm.compressedOopsMode" value="Zero based"/>
    <property name="line.separator" value="&#10;"/>
    <property name="java.vm.specification.vendor" value="Oracle Corporation"/>
    <property name="java.specification.name" value="Java Platform API Specification"/>
    <property name="surefire.real.class.path" value="C:\Users\Avinash\AppData\Local\Temp\surefire5200094306226464327\surefirebooter1882260992736250607.jar"/>
    <property name="user.script" value=""/>
    <property name="sun.management.compiler" value="HotSpot 64-Bit Tiered Compilers"/>
    <property name="java.runtime.version" value="17.0.8.1+1"/>
    <property name="user.name" value="Avinash"/>
    <property name="path.separator" value=";"/>
    <property name="os.version" value="10.0"/>
    <property name="java.runtime.name" value="OpenJDK Runtime Environment"/>
    <property name="file.encoding" value="Cp1252"/>
    <property name="java.vm.name" value="OpenJDK 64-Bit Server VM"/>
    <property name="java.vendor.version" value="Temurin-17.0.8.1+1"/>
    <property name="localRepository" value="C:\Users\Avinash\.m2\repository"/>
    <property name="java.vendor.url.bug" value="https://github.com/adoptium/adoptium-support/issues"/>
    <property name="java.io.tmpdir" value="C:\Users\Avinash\AppData\Local\Temp\"/>
    <property name="java.version" value="17.0.8.1"/>
    <property name="user.dir" value="C:\Users\Avinash\Downloads\AvinashKodali_ManognaPagadala_ManaswiKommini\source_code\WebTier"/>
    <property name="os.arch" value="amd64"/>
    <property name="java.vm.specification.name" value="Java Virtual Machine Specification"/>
    <property name="sun.os.patch.level" value=""/>
    <property name="native.encoding" value="Cp1252"/>
    <property name="java.library.path" value="C:\Users\Avinash\.vscode\extensions\redhat.java-1.23.0-win32-x64\jre\17.0.8.1-win32-x86_64\bin;C:\WINDOWS\Sun\Java\bin;C:\WINDOWS\system32;C:\WINDOWS;E:\Avinash\Laptop\Softwares\Installed\Anaconda3\condabin;C:\Program Files\Microsoft\jdk-11.0.16.101-hotspot\bin;C:\gurobi1001\win64\bin;C:\Program Files\Eclipse Adoptium\jdk-8.0.322.6-hotspot\bin;C:\Windows\system32;C:\Windows;C:\Windows\System32\Wbem;C:\Windows\System32\WindowsPowerShell\v1.0\;C:\Windows\System32\OpenSSH\;C:\Program Files (x86)\NVIDIA Corporation\PhysX\Common;C:\Program Files\NVIDIA Corporation\NVIDIA NvDLISR;C:\WINDOWS\system32;C:\WINDOWS;C:\WINDOWS\System32\Wbem;C:\WINDOWS\System32\WindowsPowerShell\v1.0\;C:\WINDOWS\System32\OpenSSH\;C:\Program Files\dotnet\;E:\Avinash\Laptop\Softwares\Installed\Git\cmd;C:\Python27;C:\Python27\Scripts;C:\ProgramData\chocolatey\bin;C:\Program Files\PuTTY\;C:\Users\Avinash\Dropbox (ASU)\LR_SVR_SVM_Local\Debug\R2023a\runtime\win64;C:\Program Files\Microsoft SQL Server\150\Tools\Binn\;C:\Program Files\Microsoft SQL Server\Client SDK\ODBC\170\Tools\Binn\;E:\Avinash\Laptop\Softwares\Installed\nodejs\;C:\Program Files\Amazon\AWSCLIV2\;C:\Program Files\MATLAB\R2023b\runtime\win64;C:\Program Files\MATLAB\R2023b\bin;C:\Program Files\MySQL\MySQL Shell 8.0\bin\;E:\Avinash\Laptop\Softwares\Installed\Anaconda3;E:\Avinash\Laptop\Softwares\Installed\Anaconda3\Library\mingw-w64\bin;E:\Avinash\Laptop\Softwares\Installed\Anaconda3\Library\usr\bin;E:\Avinash\Laptop\Softwares\Installed\Anaconda3\Library\bin;E:\Avinash\Laptop\Softwares\Installed\Anaconda3\Scripts;C:\Users\Avinash\AppData\Local\Microsoft\WindowsApps;E:\Avinash\Laptop\Softwares\Installed\Microsoft VS Code\bin;C:\Program Files\Eclipse Adoptium\jdk-8.0.322.6-hotspot\bin;E:\Avinash\Laptop\Softwares\Installed\Hyper Terminal\resources\bin;C:\Program Files\heroku\bin;C:\Users\Avinash\.dotnet\tools;C:\Users\Avinash\AppData\Roaming\npm;C:\Users\Avinash\.m2\wrapper\dists\apache-maven-3.6.3-bin\1iopthnavndlasol9gbrbg6bf2\apache-maven-3.6.3\bin;;."/>
    <property name="java.vm.info" value="mixed mode"/>
    <property name="java.vendor" value="Eclipse Adoptium"/>
    <property name="java.vm.version" value="17.0.8.1+1"/>
    <property name="sun.io.unicode.encoding" value="UnicodeLittle"/>
    <property name="java.class.version" value="61.0"/>
  </properties>
  <testcase name="contextLoads" classname="com.aws.ccproject.WebTierApplicationTests" time="0.468"/>
</testsuite>